# JRE version: Java(TM) SE Runtime Environment (8.0_51-b16) (build 1.8.0_51-b16)
# Java VM: Java HotSpot(TM) 64-Bit Server VM (25.51-b03 mixed mode windows-amd64 compressed oops)
Heap:
 PSYoungGen      total 283648K, used 24575K [0x00000000eab00000, 0x0000000100000000, 0x0000000100000000)
  eden space 259072K, 0% used [0x00000000eab00000,0x00000000eab00000,0x00000000fa800000)
  from space 24576K, 99% used [0x00000000fa800000,0x00000000fbfffde8,0x00000000fc000000)
  to   space 48128K, 0% used [0x00000000fd100000,0x00000000fd100000,0x0000000100000000)
 ParOldGen       total 95744K, used 94874K [0x00000000c0000000, 0x00000000c5d80000, 0x00000000eab00000)
  object space 95744K, 99% used [0x00000000c0000000,0x00000000c5ca6900,0x00000000c5d80000)
 Metaspace       used 8067K, capacity 8206K, committed 8320K, reserved 1056768K
  class space    used 784K, capacity 821K, committed 896K, reserved 1048576K
GC Heap History (10 events):
Event: 1.553 GC heap after
Heap after GC invocations=5 (full 0):
 PSYoungGen      total 71680K, used 5116K [0x00000000eab00000, 0x00000000f5000000, 0x0000000100000000)
  eden space 66560K, 0% used [0x00000000eab00000,0x00000000eab00000,0x00000000eec00000)
  from space 5120K, 99% used [0x00000000eec00000,0x00000000ef0ff048,0x00000000ef100000)
  to   space 17920K, 0% used [0x00000000f3e80000,0x00000000f3e80000,0x00000000f5000000)
 ParOldGen       total 87552K, used 28725K [0x00000000c0000000, 0x00000000c5580000, 0x00000000eab00000)
  object space 87552K, 32% used [0x00000000c0000000,0x00000000c1c0d6d8,0x00000000c5580000)
 Metaspace       used 8035K, capacity 8202K, committed 8320K, reserved 1056768K
  class space    used 784K, capacity 821K, committed 896K, reserved 1048576K
}
Event: 1.659 GC heap before
{Heap before GC invocations=6 (full 0):
 PSYoungGen      total 71680K, used 71676K [0x00000000eab00000, 0x00000000f5000000, 0x0000000100000000)
  eden space 66560K, 100% used [0x00000000eab00000,0x00000000eec00000,0x00000000eec00000)
  from space 5120K, 99% used [0x00000000eec00000,0x00000000ef0ff048,0x00000000ef100000)
  to   space 17920K, 0% used [0x00000000f3e80000,0x00000000f3e80000,0x00000000f5000000)
 ParOldGen       total 87552K, used 28725K [0x00000000c0000000, 0x00000000c5580000, 0x00000000eab00000)
  object space 87552K, 32% used [0x00000000c0000000,0x00000000c1c0d6d8,0x00000000c5580000)
 Metaspace       used 8044K, capacity 8202K, committed 8320K, reserved 1056768K
  class space    used 784K, capacity 821K, committed 896K, reserved 1048576K
Event: 1.668 GC heap after
Heap after GC invocations=6 (full 0):
 PSYoungGen      total 148480K, used 17847K [0x00000000eab00000, 0x00000000f5500000, 0x0000000100000000)
  eden space 130560K, 0% used [0x00000000eab00000,0x00000000eab00000,0x00000000f2a80000)
  from space 17920K, 99% used [0x00000000f3e80000,0x00000000f4fedd28,0x00000000f5000000)
  to   space 20480K, 0% used [0x00000000f2a80000,0x00000000f2a80000,0x00000000f3e80000)
 ParOldGen       total 87552K, used 31725K [0x00000000c0000000, 0x00000000c5580000, 0x00000000eab00000)
  object space 87552K, 36% used [0x00000000c0000000,0x00000000c1efb7d0,0x00000000c5580000)
 Metaspace       used 8044K, capacity 8202K, committed 8320K, reserved 1056768K
  class space    used 784K, capacity 821K, committed 896K, reserved 1048576K
}
Event: 1.888 GC heap before
{Heap before GC invocations=7 (full 0):
 PSYoungGen      total 148480K, used 148407K [0x00000000eab00000, 0x00000000f5500000, 0x0000000100000000)
  eden space 130560K, 100% used [0x00000000eab00000,0x00000000f2a80000,0x00000000f2a80000)
  from space 17920K, 99% used [0x00000000f3e80000,0x00000000f4fedd28,0x00000000f5000000)
  to   space 20480K, 0% used [0x00000000f2a80000,0x00000000f2a80000,0x00000000f3e80000)
 ParOldGen       total 87552K, used 31725K [0x00000000c0000000, 0x00000000c5580000, 0x00000000eab00000)
  object space 87552K, 36% used [0x00000000c0000000,0x00000000c1efb7d0,0x00000000c5580000)
 Metaspace       used 8053K, capacity 8202K, committed 8320K, reserved 1056768K
  class space    used 784K, capacity 821K, committed 896K, reserved 1048576K
Event: 1.897 GC heap after
Heap after GC invocations=7 (full 0):
 PSYoungGen      total 151040K, used 18159K [0x00000000eab00000, 0x00000000fd600000, 0x0000000100000000)
  eden space 130560K, 0% used [0x00000000eab00000,0x00000000eab00000,0x00000000f2a80000)
  from space 20480K, 88% used [0x00000000f2a80000,0x00000000f3c3bd88,0x00000000f3e80000)
  to   space 22528K, 0% used [0x00000000fc000000,0x00000000fc000000,0x00000000fd600000)
 ParOldGen       total 87552K, used 43518K [0x00000000c0000000, 0x00000000c5580000, 0x00000000eab00000)
  object space 87552K, 49% used [0x00000000c0000000,0x00000000c2a7fb58,0x00000000c5580000)
 Metaspace       used 8053K, capacity 8202K, committed 8320K, reserved 1056768K
  class space    used 784K, capacity 821K, committed 896K, reserved 1048576K
}
Event: 2.100 GC heap before
{Heap before GC invocations=8 (full 0):
 PSYoungGen      total 151040K, used 148719K [0x00000000eab00000, 0x00000000fd600000, 0x0000000100000000)
  eden space 130560K, 100% used [0x00000000eab00000,0x00000000f2a80000,0x00000000f2a80000)
  from space 20480K, 88% used [0x00000000f2a80000,0x00000000f3c3bd88,0x00000000f3e80000)
  to   space 22528K, 0% used [0x00000000fc000000,0x00000000fc000000,0x00000000fd600000)
 ParOldGen       total 87552K, used 43518K [0x00000000c0000000, 0x00000000c5580000, 0x00000000eab00000)
  object space 87552K, 49% used [0x00000000c0000000,0x00000000c2a7fb58,0x00000000c5580000)
 Metaspace       used 8060K, capacity 8202K, committed 8320K, reserved 1056768K
  class space    used 784K, capacity 821K, committed 896K, reserved 1048576K
Event: 2.106 GC heap after
Heap after GC invocations=8 (full 0):
 PSYoungGen      total 281600K, used 20200K [0x00000000eab00000, 0x00000000fda00000, 0x0000000100000000)
  eden space 259072K, 0% used [0x00000000eab00000,0x00000000eab00000,0x00000000fa800000)
  from space 22528K, 89% used [0x00000000fc000000,0x00000000fd3ba248,0x00000000fd600000)
  to   space 24576K, 0% used [0x00000000fa800000,0x00000000fa800000,0x00000000fc000000)
 ParOldGen       total 87552K, used 44454K [0x00000000c0000000, 0x00000000c5580000, 0x00000000eab00000)
  object space 87552K, 50% used [0x00000000c0000000,0x00000000c2b69ba0,0x00000000c5580000)
 Metaspace       used 8060K, capacity 8202K, committed 8320K, reserved 1056768K
  class space    used 784K, capacity 821K, committed 896K, reserved 1048576K
}
Event: 2.458 GC heap before
{Heap before GC invocations=9 (full 0):
 PSYoungGen      total 281600K, used 279272K [0x00000000eab00000, 0x00000000fda00000, 0x0000000100000000)
  eden space 259072K, 100% used [0x00000000eab00000,0x00000000fa800000,0x00000000fa800000)
  from space 22528K, 89% used [0x00000000fc000000,0x00000000fd3ba248,0x00000000fd600000)
  to   space 24576K, 0% used [0x00000000fa800000,0x00000000fa800000,0x00000000fc000000)
 ParOldGen       total 87552K, used 44454K [0x00000000c0000000, 0x00000000c5580000, 0x00000000eab00000)
  object space 87552K, 50% used [0x00000000c0000000,0x00000000c2b69ba0,0x00000000c5580000)
 Metaspace       used 8067K, capacity 8206K, committed 8320K, reserved 1056768K
  class space    used 784K, capacity 821K, committed 896K, reserved 1048576K
Event: 2.471 GC heap after
Heap after GC invocations=9 (full 0):
 PSYoungGen      total 283648K, used 24575K [0x00000000eab00000, 0x0000000100000000, 0x0000000100000000)
  eden space 259072K, 0% used [0x00000000eab00000,0x00000000eab00000,0x00000000fa800000)
  from space 24576K, 99% used [0x00000000fa800000,0x00000000fbfffde8,0x00000000fc000000)
  to   space 48128K, 0% used [0x00000000fd100000,0x00000000fd100000,0x0000000100000000)
 ParOldGen       total 95744K, used 94874K [0x00000000c0000000, 0x00000000c5d80000, 0x00000000eab00000)
  object space 95744K, 99% used [0x00000000c0000000,0x00000000c5ca6900,0x00000000c5d80000)
 Metaspace       used 8067K, capacity 8206K, committed 8320K, reserved 1056768K
  class space    used 784K, capacity 821K, committed 896K, reserved 1048576K
}
Event: 2.471 GC heap before
{Heap before GC invocations=10 (full 1):
 PSYoungGen      total 283648K, used 24575K [0x00000000eab00000, 0x0000000100000000, 0x0000000100000000)
  eden space 259072K, 0% used [0x00000000eab00000,0x00000000eab00000,0x00000000fa800000)
  from space 24576K, 99% used [0x00000000fa800000,0x00000000fbfffde8,0x00000000fc000000)
  to   space 48128K, 0% used [0x00000000fd100000,0x00000000fd100000,0x0000000100000000)
 ParOldGen       total 95744K, used 94874K [0x00000000c0000000, 0x00000000c5d80000, 0x00000000eab00000)
  object space 95744K, 99% used [0x00000000c0000000,0x00000000c5ca6900,0x00000000c5d80000)
 Metaspace       used 8067K, capacity 8206K, committed 8320K, reserved 1056768K
  class space    used 784K, capacity 821K, committed 896K, reserved 1048576K

